<?xml version="1.0" encoding="UTF-8"?>
<testsuite name="com.textsearch.search.SearchQueryExecutorTest$CaseSensitivity" tests="2" skipped="0" failures="0" errors="0" timestamp="2026-01-15T09:31:29" hostname="SPT-MAC-FGY2HG33DX" time="0.001">
  <properties/>
  <testcase name="should be case-sensitive by default()" classname="com.textsearch.search.SearchQueryExecutorTest$CaseSensitivity" time="0.001"/>
  <testcase name="should support case-insensitive search()" classname="com.textsearch.search.SearchQueryExecutorTest$CaseSensitivity" time="0.0"/>
  <system-out><![CDATA[]]></system-out>
  <system-err><![CDATA[]]></system-err>
</testsuite>
