<?xml version="1.0" encoding="UTF-8"?>
<testsuite name="com.textsearch.index.TextIndexBuilderTest$ResetAndReuse" tests="2" skipped="0" failures="0" errors="0" timestamp="2026-01-16T06:43:51" hostname="SPT-MAC-FGY2HG33DX" time="0.005">
  <properties/>
  <testcase name="should be reusable after completion()" classname="com.textsearch.index.TextIndexBuilderTest$ResetAndReuse" time="0.002"/>
  <testcase name="should not allow concurrent builds()" classname="com.textsearch.index.TextIndexBuilderTest$ResetAndReuse" time="0.003"/>
  <system-out><![CDATA[]]></system-out>
  <system-err><![CDATA[]]></system-err>
</testsuite>
