<?xml version="1.0" encoding="UTF-8"?>
<testsuite name="com.textsearch.search.SearchQueryExecutorTest$CountOperation" tests="3" skipped="0" failures="0" errors="0" timestamp="2026-01-23T08:14:10" hostname="DESKTOP-05GJVR1" time="0.022">
  <properties/>
  <testcase name="should return zero for empty query()" classname="com.textsearch.search.SearchQueryExecutorTest$CountOperation" time="0.007"/>
  <testcase name="should count matches without returning results()" classname="com.textsearch.search.SearchQueryExecutorTest$CountOperation" time="0.007"/>
  <testcase name="should return zero for no matches()" classname="com.textsearch.search.SearchQueryExecutorTest$CountOperation" time="0.006"/>
  <system-out><![CDATA[]]></system-out>
  <system-err><![CDATA[]]></system-err>
</testsuite>
