<?xml version="1.0" encoding="UTF-8"?>
<testsuite name="com.textsearch.search.SearchQueryExecutorTest$ResultFormat" tests="5" skipped="0" failures="0" errors="0" timestamp="2026-01-23T08:14:10" hostname="DESKTOP-05GJVR1" time="0.033">
  <properties/>
  <testcase name="should include line content trimmed()" classname="com.textsearch.search.SearchQueryExecutorTest$ResultFormat" time="0.006"/>
  <testcase name="should include correct column number()" classname="com.textsearch.search.SearchQueryExecutorTest$ResultFormat" time="0.006"/>
  <testcase name="should include correct line number()" classname="com.textsearch.search.SearchQueryExecutorTest$ResultFormat" time="0.006"/>
  <testcase name="should include correct file path()" classname="com.textsearch.search.SearchQueryExecutorTest$ResultFormat" time="0.004"/>
  <testcase name="should include matched text()" classname="com.textsearch.search.SearchQueryExecutorTest$ResultFormat" time="0.006"/>
  <system-out><![CDATA[]]></system-out>
  <system-err><![CDATA[]]></system-err>
</testsuite>
