<?xml version="1.0" encoding="UTF-8"?>
<testsuite name="com.textsearch.search.SearchQueryExecutorTest$ConcurrencyStress" tests="1" skipped="0" failures="0" errors="0" timestamp="2026-01-23T08:14:09" hostname="DESKTOP-05GJVR1" time="0.085">
  <properties/>
  <testcase name="should handle many concurrent searches()" classname="com.textsearch.search.SearchQueryExecutorTest$ConcurrencyStress" time="0.085"/>
  <system-out><![CDATA[]]></system-out>
  <system-err><![CDATA[]]></system-err>
</testsuite>
