<?xml version="1.0" encoding="UTF-8"?>
<testsuite name="com.textsearch.TextSearchLibraryTest$Configuration" tests="3" skipped="0" failures="0" errors="0" timestamp="2026-01-15T09:31:28" hostname="SPT-MAC-FGY2HG33DX" time="0.012">
  <properties/>
  <testcase name="should allow overriding search config per search()" classname="com.textsearch.TextSearchLibraryTest$Configuration" time="0.007"/>
  <testcase name="should use custom index config()" classname="com.textsearch.TextSearchLibraryTest$Configuration" time="0.002"/>
  <testcase name="should use custom search config()" classname="com.textsearch.TextSearchLibraryTest$Configuration" time="0.002"/>
  <system-out><![CDATA[]]></system-out>
  <system-err><![CDATA[]]></system-err>
</testsuite>
