<?xml version="1.0" encoding="UTF-8"?>
<testsuite name="com.textsearch.index.TextIndexBuilderTest$ErrorHandling" tests="3" skipped="0" failures="0" errors="0" timestamp="2026-01-16T06:43:51" hostname="SPT-MAC-FGY2HG33DX" time="0.005">
  <properties/>
  <testcase name="should fail for non-existent directory()" classname="com.textsearch.index.TextIndexBuilderTest$ErrorHandling" time="0.001"/>
  <testcase name="should skip binary files gracefully()" classname="com.textsearch.index.TextIndexBuilderTest$ErrorHandling" time="0.002"/>
  <testcase name="should fail for file instead of directory()" classname="com.textsearch.index.TextIndexBuilderTest$ErrorHandling" time="0.001"/>
  <system-out><![CDATA[]]></system-out>
  <system-err><![CDATA[]]></system-err>
</testsuite>
