<?xml version="1.0" encoding="UTF-8"?>
<testsuite name="com.textsearch.search.SearchQueryExecutorTest$BasicSearch" tests="6" skipped="0" failures="0" errors="0" timestamp="2026-01-16T06:43:51" hostname="SPT-MAC-FGY2HG33DX" time="0.007">
  <properties/>
  <testcase name="should include search time in response()" classname="com.textsearch.search.SearchQueryExecutorTest$BasicSearch" time="0.002"/>
  <testcase name="should return empty response for empty index()" classname="com.textsearch.search.SearchQueryExecutorTest$BasicSearch" time="0.001"/>
  <testcase name="should return empty response for empty query()" classname="com.textsearch.search.SearchQueryExecutorTest$BasicSearch" time="0.001"/>
  <testcase name="should find matches across multiple files()" classname="com.textsearch.search.SearchQueryExecutorTest$BasicSearch" time="0.001"/>
  <testcase name="should return empty response for no matches()" classname="com.textsearch.search.SearchQueryExecutorTest$BasicSearch" time="0.001"/>
  <testcase name="should find matches in single file()" classname="com.textsearch.search.SearchQueryExecutorTest$BasicSearch" time="0.001"/>
  <system-out><![CDATA[]]></system-out>
  <system-err><![CDATA[]]></system-err>
</testsuite>
