<?xml version="1.0" encoding="UTF-8"?>
<testsuite name="com.textsearch.search.SearchQueryExecutorTest$CountOperation" tests="3" skipped="0" failures="0" errors="0" timestamp="2026-01-15T09:31:29" hostname="SPT-MAC-FGY2HG33DX" time="0.002">
  <properties/>
  <testcase name="should return zero for empty query()" classname="com.textsearch.search.SearchQueryExecutorTest$CountOperation" time="0.0"/>
  <testcase name="should count matches without returning results()" classname="com.textsearch.search.SearchQueryExecutorTest$CountOperation" time="0.0"/>
  <testcase name="should return zero for no matches()" classname="com.textsearch.search.SearchQueryExecutorTest$CountOperation" time="0.001"/>
  <system-out><![CDATA[]]></system-out>
  <system-err><![CDATA[]]></system-err>
</testsuite>
