<?xml version="1.0" encoding="UTF-8"?>
<testsuite name="com.textsearch.search.SearchQueryExecutorTest$ParallelSearch" tests="2" skipped="0" failures="0" errors="0" timestamp="2026-01-23T08:14:10" hostname="DESKTOP-05GJVR1" time="0.022">
  <properties/>
  <testcase name="should search multiple queries efficiently()" classname="com.textsearch.search.SearchQueryExecutorTest$ParallelSearch" time="0.011"/>
  <testcase name="should handle parallel searches()" classname="com.textsearch.search.SearchQueryExecutorTest$ParallelSearch" time="0.011"/>
  <system-out><![CDATA[]]></system-out>
  <system-err><![CDATA[]]></system-err>
</testsuite>
