<?xml version="1.0" encoding="UTF-8"?>
<testsuite name="com.textsearch.index.TextIndexBuilderTest$ErrorHandling" tests="3" skipped="0" failures="0" errors="0" timestamp="2026-01-23T08:14:09" hostname="DESKTOP-05GJVR1" time="0.108">
  <properties/>
  <testcase name="should fail for non-existent directory()" classname="com.textsearch.index.TextIndexBuilderTest$ErrorHandling" time="0.036"/>
  <testcase name="should skip binary files gracefully()" classname="com.textsearch.index.TextIndexBuilderTest$ErrorHandling" time="0.037"/>
  <testcase name="should fail for file instead of directory()" classname="com.textsearch.index.TextIndexBuilderTest$ErrorHandling" time="0.033"/>
  <system-out><![CDATA[]]></system-out>
  <system-err><![CDATA[]]></system-err>
</testsuite>
