<?xml version="1.0" encoding="UTF-8"?>
<testsuite name="com.textsearch.index.TextIndexBuilderTest$Cancellation" tests="3" skipped="0" failures="0" errors="0" timestamp="2026-01-23T08:14:08" hostname="DESKTOP-05GJVR1" time="0.721">
  <properties/>
  <testcase name="should cancel indexing()" classname="com.textsearch.index.TextIndexBuilderTest$Cancellation" time="0.147"/>
  <testcase name="should clear index on cancellation()" classname="com.textsearch.index.TextIndexBuilderTest$Cancellation" time="0.495"/>
  <testcase name="should report cancelled status()" classname="com.textsearch.index.TextIndexBuilderTest$Cancellation" time="0.077"/>
  <system-out><![CDATA[]]></system-out>
  <system-err><![CDATA[]]></system-err>
</testsuite>
