<?xml version="1.0" encoding="UTF-8"?>
<testsuite name="com.textsearch.index.TextIndexBuilderTest$FileFiltering" tests="3" skipped="0" failures="0" errors="0" timestamp="2026-01-23T08:14:09" hostname="DESKTOP-05GJVR1" time="0.038">
  <properties/>
  <testcase name="should filter by file extension()" classname="com.textsearch.index.TextIndexBuilderTest$FileFiltering" time="0.012"/>
  <testcase name="should exclude patterns()" classname="com.textsearch.index.TextIndexBuilderTest$FileFiltering" time="0.013"/>
  <testcase name="should skip files exceeding size limit()" classname="com.textsearch.index.TextIndexBuilderTest$FileFiltering" time="0.011"/>
  <system-out><![CDATA[]]></system-out>
  <system-err><![CDATA[]]></system-err>
</testsuite>
