<?xml version="1.0" encoding="UTF-8"?>
<testsuite name="com.textsearch.search.SearchQueryExecutorTest$SequenceSearch" tests="3" skipped="0" failures="0" errors="0" timestamp="2026-01-23T08:14:10" hostname="DESKTOP-05GJVR1" time="0.032">
  <properties/>
  <testcase name="should be lazy()" classname="com.textsearch.search.SearchQueryExecutorTest$SequenceSearch" time="0.015"/>
  <testcase name="should return results as sequence()" classname="com.textsearch.search.SearchQueryExecutorTest$SequenceSearch" time="0.006"/>
  <testcase name="should respect limit in sequence()" classname="com.textsearch.search.SearchQueryExecutorTest$SequenceSearch" time="0.008"/>
  <system-out><![CDATA[]]></system-out>
  <system-err><![CDATA[]]></system-err>
</testsuite>
