<?xml version="1.0" encoding="UTF-8"?>
<testsuite name="com.textsearch.TextSearchLibraryTest$EdgeCases" tests="7" skipped="0" failures="0" errors="0" timestamp="2026-01-23T08:14:07" hostname="DESKTOP-05GJVR1" time="0.326">
  <properties/>
  <testcase name="should handle empty files()" classname="com.textsearch.TextSearchLibraryTest$EdgeCases" time="0.01"/>
  <testcase name="should handle deep directory nesting()" classname="com.textsearch.TextSearchLibraryTest$EdgeCases" time="0.017"/>
  <testcase name="should handle empty directory()" classname="com.textsearch.TextSearchLibraryTest$EdgeCases" time="0.006"/>
  <testcase name="should handle files with only whitespace()" classname="com.textsearch.TextSearchLibraryTest$EdgeCases" time="0.035"/>
  <testcase name="should handle very long lines()" classname="com.textsearch.TextSearchLibraryTest$EdgeCases" time="0.047"/>
  <testcase name="should handle many small files()" classname="com.textsearch.TextSearchLibraryTest$EdgeCases" time="0.187"/>
  <testcase name="should handle unicode content()" classname="com.textsearch.TextSearchLibraryTest$EdgeCases" time="0.014"/>
  <system-out><![CDATA[]]></system-out>
  <system-err><![CDATA[]]></system-err>
</testsuite>
