<?xml version="1.0" encoding="UTF-8"?>
<testsuite name="com.textsearch.index.TextIndexTest$GlobalSearch" tests="4" skipped="0" failures="0" errors="0" timestamp="2026-01-16T06:43:51" hostname="SPT-MAC-FGY2HG33DX" time="0.001">
  <properties/>
  <testcase name="should include line content in results()" classname="com.textsearch.index.TextIndexTest$GlobalSearch" time="0.0"/>
  <testcase name="should return empty response for empty query()" classname="com.textsearch.index.TextIndexTest$GlobalSearch" time="0.0"/>
  <testcase name="should search across all files()" classname="com.textsearch.index.TextIndexTest$GlobalSearch" time="0.001"/>
  <testcase name="should respect maxResults limit()" classname="com.textsearch.index.TextIndexTest$GlobalSearch" time="0.0"/>
  <system-out><![CDATA[]]></system-out>
  <system-err><![CDATA[]]></system-err>
</testsuite>
