<?xml version="1.0" encoding="UTF-8"?>
<testsuite name="com.textsearch.search.SearchQueryExecutorTest$ParallelSearch" tests="2" skipped="0" failures="0" errors="0" timestamp="2026-01-15T09:31:29" hostname="SPT-MAC-FGY2HG33DX" time="0.003">
  <properties/>
  <testcase name="should search multiple queries efficiently()" classname="com.textsearch.search.SearchQueryExecutorTest$ParallelSearch" time="0.001"/>
  <testcase name="should handle parallel searches()" classname="com.textsearch.search.SearchQueryExecutorTest$ParallelSearch" time="0.002"/>
  <system-out><![CDATA[]]></system-out>
  <system-err><![CDATA[]]></system-err>
</testsuite>
