<?xml version="1.0" encoding="UTF-8"?>
<testsuite name="com.textsearch.search.SearchQueryExecutorTest$ResultLimiting" tests="4" skipped="0" failures="0" errors="0" timestamp="2026-01-16T06:43:51" hostname="SPT-MAC-FGY2HG33DX" time="0.004">
  <properties/>
  <testcase name="should not truncate when under limit()" classname="com.textsearch.search.SearchQueryExecutorTest$ResultLimiting" time="0.0"/>
  <testcase name="should respect maxResultsPerFile limit()" classname="com.textsearch.search.SearchQueryExecutorTest$ResultLimiting" time="0.001"/>
  <testcase name="should respect maxResults limit()" classname="com.textsearch.search.SearchQueryExecutorTest$ResultLimiting" time="0.001"/>
  <testcase name="should work with unlimited config()" classname="com.textsearch.search.SearchQueryExecutorTest$ResultLimiting" time="0.002"/>
  <system-out><![CDATA[]]></system-out>
  <system-err><![CDATA[]]></system-err>
</testsuite>
