<?xml version="1.0" encoding="UTF-8"?>
<testsuite name="com.textsearch.search.SearchQueryExecutorTest$ConcurrencyStress" tests="1" skipped="0" failures="0" errors="0" timestamp="2026-01-15T09:31:29" hostname="SPT-MAC-FGY2HG33DX" time="0.034">
  <properties/>
  <testcase name="should handle many concurrent searches()" classname="com.textsearch.search.SearchQueryExecutorTest$ConcurrencyStress" time="0.034"/>
  <system-out><![CDATA[]]></system-out>
  <system-err><![CDATA[]]></system-err>
</testsuite>
