<?xml version="1.0" encoding="UTF-8"?>
<testsuite name="com.textsearch.TextSearchLibraryTest$Integration" tests="6" skipped="0" failures="0" errors="0" timestamp="2026-01-23T08:14:08" hostname="DESKTOP-05GJVR1" time="0.083">
  <properties/>
  <testcase name="should support multiple search operations()" classname="com.textsearch.TextSearchLibraryTest$Integration" time="0.013"/>
  <testcase name="should handle special characters in search()" classname="com.textsearch.TextSearchLibraryTest$Integration" time="0.009"/>
  <testcase name="should find files containing query()" classname="com.textsearch.TextSearchLibraryTest$Integration" time="0.01"/>
  <testcase name="should count matches()" classname="com.textsearch.TextSearchLibraryTest$Integration" time="0.01"/>
  <testcase name="should index and search workflow()" classname="com.textsearch.TextSearchLibraryTest$Integration" time="0.021"/>
  <testcase name="should search multiple queries in parallel()" classname="com.textsearch.TextSearchLibraryTest$Integration" time="0.017"/>
  <system-out><![CDATA[]]></system-out>
  <system-err><![CDATA[]]></system-err>
</testsuite>
