<?xml version="1.0" encoding="UTF-8"?>
<testsuite name="com.textsearch.search.SearchQueryExecutorTest$CaseSensitivity" tests="2" skipped="0" failures="0" errors="0" timestamp="2026-01-23T08:14:09" hostname="DESKTOP-05GJVR1" time="0.013">
  <properties/>
  <testcase name="should be case-sensitive by default()" classname="com.textsearch.search.SearchQueryExecutorTest$CaseSensitivity" time="0.007"/>
  <testcase name="should support case-insensitive search()" classname="com.textsearch.search.SearchQueryExecutorTest$CaseSensitivity" time="0.004"/>
  <system-out><![CDATA[]]></system-out>
  <system-err><![CDATA[]]></system-err>
</testsuite>
